<?xml version="1.0" encoding="UTF-8"?>
<coverage generated="1774007513485" clover="3.2.0">
  <project timestamp="1774007513485" name="All files">
    <metrics statements="30" coveredstatements="23" conditionals="18" coveredconditionals="11" methods="5" coveredmethods="5" elements="53" coveredelements="39" complexity="0" loc="30" ncloc="30" packages="1" files="3" classes="3"/>
    <file name="Logowanie.css" path="C:\Users\sienk\Desktop\SystemEwidencjiSzkolnej\frontendReact\src\Logowanie.css">
      <metrics statements="0" coveredstatements="0" conditionals="0" coveredconditionals="0" methods="0" coveredmethods="0"/>
    </file>
    <file name="Logowanie.tsx" path="C:\Users\sienk\Desktop\SystemEwidencjiSzkolnej\frontendReact\src\Logowanie.tsx">
      <metrics statements="22" coveredstatements="17" conditionals="12" coveredconditionals="6" methods="4" coveredmethods="4"/>
      <line num="6" count="25" type="stmt"/>
      <line num="7" count="25" type="stmt"/>
      <line num="8" count="25" type="stmt"/>
      <line num="9" count="25" type="stmt"/>
      <line num="11" count="25" type="stmt"/>
      <line num="12" count="2" type="stmt"/>
      <line num="13" count="2" type="stmt"/>
      <line num="14" count="2" type="stmt"/>
      <line num="20" count="2" type="stmt"/>
      <line num="22" count="2" type="cond" truecount="2" falsecount="0"/>
      <line num="23" count="1" type="stmt"/>
      <line num="24" count="1" type="stmt"/>
      <line num="26" count="1" type="cond" truecount="1" falsecount="3"/>
      <line num="27" count="0" type="cond" truecount="0" falsecount="2"/>
      <line num="28" count="0" type="stmt"/>
      <line num="29" count="0" type="stmt"/>
      <line num="31" count="1" type="cond" truecount="1" falsecount="1"/>
      <line num="34" count="0" type="stmt"/>
      <line num="35" count="0" type="stmt"/>
      <line num="39" count="25" type="stmt"/>
      <line num="46" count="8" type="stmt"/>
      <line num="52" count="11" type="stmt"/>
    </file>
    <file name="ProtectedRoute.tsx" path="C:\Users\sienk\Desktop\SystemEwidencjiSzkolnej\frontendReact\src\ProtectedRoute.tsx">
      <metrics statements="8" coveredstatements="6" conditionals="6" coveredconditionals="5" methods="1" coveredmethods="1"/>
      <line num="7" count="2" type="stmt"/>
      <line num="8" count="2" type="cond" truecount="2" falsecount="0"/>
      <line num="9" count="1" type="stmt"/>
      <line num="12" count="1" type="stmt"/>
      <line num="14" count="1" type="cond" truecount="3" falsecount="1"/>
      <line num="15" count="0" type="stmt"/>
      <line num="16" count="0" type="stmt"/>
      <line num="18" count="1" type="stmt"/>
    </file>
  </project>
</coverage>
